This is LuaTeX, Version 1.07.0 (MiKTeX 2.9.6630 64-bit)  (format=lualatex 2018.4.11)  22 AUG 2018 00:43
 restricted system commands enabled.
**HIGSProposal-Latex-TEMP.tex
(./HIGSProposal-Latex-TEMP.tex
LaTeX2e <2017-04-15>
Lua module: luaotfload-main 2017/01/29 2.80001 OpenType layout system.
Lua module: lualibs 2017-02-01 2.5 ConTeXt Lua standard libraries.
Lua module: lualibs-extended 2017-02-01 2.5 ConTeXt Lua libraries -- extended co
llection.(using cache: C:/Users/Oracle/AppData/Local/MiKTeX/2.9/luatex-cache/gen
eric)
luaotfload | conf : Root cache directory is C:/Users/Oracle/AppData/Local/MiKTeX
/2.9/luatex-cache/generic/names.
luaotfload | init : Loading fontloader “fontloader-2017-02-11.lua” from kpse
-resolved path “C:/Users/Oracle/AppData/Local/Programs/MiKTeX 2.9/tex/luatex/l
uaotfload/fontloader-2017-02-11.lua”.
Lua-only attribute luaotfload@state = 1
Lua-only attribute luaotfload@noligature = 2
Lua-only attribute luaotfload@syllabe = 3
luaotfload | init : Context OpenType loader version “3.027”
Inserting `luaotfload.node_processor' at position 1 in `pre_linebreak_filter'.
Inserting `luaotfload.node_processor' at position 1 in `hpack_filter'.
Inserting `luaotfload.define_font' at position 1 in `define_font'.
Lua-only attribute luaotfload_color_attribute = 4
luaotfload | conf : Root cache directory is C:/Users/Oracle/AppData/Local/MiKTeX
/2.9/luatex-cache/generic/names.
Inserting `luaotfload.aux.set_sscale_dimens' at position 1 in `luaotfload.patch_
font'.
Inserting `luaotfload.aux.patch_cambria_domh' at position 2 in `luaotfload.patch
_font'.
Inserting `luaotfload.aux.fixup_fontdata' at position 1 in `luaotfload.patch_fon
t_unsafe'.
Inserting `luaotfload.aux.set_capheight' at position 3 in `luaotfload.patch_font
'.
Inserting `luaotfload.rewrite_fontname' at position 4 in `luaotfload.patch_font'
.
luaotfload | main : initialization completed in 0.909 seconds
Babel <3.18> and hyphenation patterns for 1 language(s) loaded.
("C:/Users/Oracle/AppData/Local/Programs/MiKTeX 2.9/tex/latex/base/article.cls"
Document Class: article 2014/09/29 v1.4h Standard LaTeX document class
("C:/Users/Oracle/AppData/Local/Programs/MiKTeX 2.9/tex/latex/base/size12.clo"
File: size12.clo 2014/09/29 v1.4h Standard LaTeX file (size option)
luaotfload | db : Font names database loaded from C:/Users/Oracle/AppData/Local/
MiKTeX/2.9/luatex-cache/generic/names/luaotfload-names.luc(load luc: C:/Users/Or
acle/AppData/Local/MiKTeX/2.9/luatex-cache/generic/fonts/otl/lmroman12-regular.l
uc))
\c@part=\count79
\c@section=\count80
\c@subsection=\count81
\c@subsubsection=\count82
\c@paragraph=\count83
\c@subparagraph=\count84
\c@figure=\count85
\c@table=\count86
\abovecaptionskip=\skip41
\belowcaptionskip=\skip42
\bibindent=\dimen102
)
("C:/Users/Oracle/AppData/Local/Programs/MiKTeX 2.9/tex/latex/apacite/apacite.s
ty"
Package: apacite 2013/07/21 v6.03 APA citation
\c@BibCnt=\count87
\bibleftmargin=\skip43
\bibindent=\skip44
\bibparsep=\skip45
\bibitemsep=\skip46
\biblabelsep=\skip47
)
("C:/Users/Oracle/AppData/Local/Programs/MiKTeX 2.9/tex/latex/fancyhdr/fancyhdr
.sty"
Package: fancyhdr 2017/06/30 v3.9a Extensive control of page headers and footers

\f@nch@headwidth=\skip48
\f@nch@O@elh=\skip49
\f@nch@O@erh=\skip50
\f@nch@O@olh=\skip51
\f@nch@O@orh=\skip52
\f@nch@O@elf=\skip53
\f@nch@O@erf=\skip54
\f@nch@O@olf=\skip55
\f@nch@O@orf=\skip56
)
("C:/Users/Oracle/AppData/Local/Programs/MiKTeX 2.9/tex/latex/graphics/color.st
y"
Package: color 2016/07/10 v1.1e Standard LaTeX Color (DPC)

("C:/Users/Oracle/AppData/Local/Programs/MiKTeX 2.9/tex/latex/graphics-cfg/colo
r.cfg"
File: color.cfg 2016/01/02 v1.6 sample color configuration
)
Package color Info: Driver file: luatex.def on input line 147.

("C:/Users/Oracle/AppData/Local/Programs/MiKTeX 2.9/tex/latex/graphics-def/luat
ex.def"
File: luatex.def 2018/01/08 v1.0l Graphics/color driver for luatex
))
("C:/Users/Oracle/AppData/Local/Programs/MiKTeX 2.9/tex/latex/csquotes/csquotes
.sty"
Package: csquotes 2018/02/11 v5.2c context-sensitive quotations (JAW)

("C:/Users/Oracle/AppData/Local/Programs/MiKTeX 2.9/tex/latex/etoolbox/etoolbox
.sty"
Package: etoolbox 2018/02/11 v2.5e e-TeX tools for LaTeX (JAW)
\etb@tempcnta=\count88
)
("C:/Users/Oracle/AppData/Local/Programs/MiKTeX 2.9/tex/latex/graphics/keyval.s
ty"
Package: keyval 2014/10/28 v1.15 key=value parser (DPC)
\KV@toks@=\toks14
)
\csq@reset=\count89
\csq@gtype=\count90
\csq@glevel=\count91
\csq@qlevel=\count92
\csq@maxlvl=\count93
\csq@tshold=\count94
\csq@ltx@everypar=\toks15

("C:/Users/Oracle/AppData/Local/Programs/MiKTeX 2.9/tex/latex/csquotes/csquotes
.def"
File: csquotes.def 2018/02/11 v5.2c csquotes generic definitions (JAW)
)
Package csquotes Info: Trying to load configuration file 'csquotes.cfg'...
Package csquotes Info: ... configuration file loaded successfully.

("C:/Users/Oracle/AppData/Local/Programs/MiKTeX 2.9/tex/latex/csquotes/csquotes
.cfg"
File: csquotes.cfg 
))
("C:/Users/Oracle/AppData/Local/Programs/MiKTeX 2.9/tex/latex/graphics/graphicx
.sty"
Package: graphicx 2017/06/01 v1.1a Enhanced LaTeX Graphics (DPC,SPQR)

("C:/Users/Oracle/AppData/Local/Programs/MiKTeX 2.9/tex/latex/graphics/graphics
.sty"
Package: graphics 2017/06/25 v1.2c Standard LaTeX Graphics (DPC,SPQR)

("C:/Users/Oracle/AppData/Local/Programs/MiKTeX 2.9/tex/latex/graphics/trig.sty
"
Package: trig 2016/01/03 v1.10 sin cos tan (DPC)
)
("C:/Users/Oracle/AppData/Local/Programs/MiKTeX 2.9/tex/latex/graphics-cfg/grap
hics.cfg"
File: graphics.cfg 2016/06/04 v1.11 sample graphics configuration
)
Package graphics Info: Driver file: luatex.def on input line 99.
)
\Gin@req@height=\dimen103
\Gin@req@width=\dimen104
)
("C:/Users/Oracle/AppData/Local/Programs/MiKTeX 2.9/tex/latex/wrapfig/wrapfig.s
ty"
\wrapoverhang=\dimen105
\WF@size=\dimen106
\c@WF@wrappedlines=\count95
\WF@box=\box26
\WF@everypar=\toks16
Package: wrapfig 2003/01/31  v 3.6
)
Package csquotes Info: Checking for multilingual support...
Package csquotes Info: ... none found.
 (./HIGSProposal-Latex-TEMP.aux)
\openout1 = HIGSProposal-Latex-TEMP.aux

LaTeX Font Info:    Checking defaults for OML/cmm/m/it on input line 23.
LaTeX Font Info:    ... okay on input line 23.
LaTeX Font Info:    Checking defaults for T1/cmr/m/n on input line 23.
LaTeX Font Info:    ... okay on input line 23.
LaTeX Font Info:    Checking defaults for OT1/cmr/m/n on input line 23.
LaTeX Font Info:    ... okay on input line 23.
LaTeX Font Info:    Checking defaults for OMS/cmsy/m/n on input line 23.
LaTeX Font Info:    ... okay on input line 23.
LaTeX Font Info:    Checking defaults for TU/lmr/m/n on input line 23.
LaTeX Font Info:    ... okay on input line 23.
LaTeX Font Info:    Checking defaults for OMX/cmex/m/n on input line 23.
LaTeX Font Info:    ... okay on input line 23.
LaTeX Font Info:    Checking defaults for U/cmr/m/n on input line 23.
LaTeX Font Info:    ... okay on input line 23.
\c@maskedRefs=\count96

("C:/Users/Oracle/AppData/Local/Programs/MiKTeX 2.9/tex/latex/apacite/english.a
pc"
File: english.apc 2013/07/21 v6.03 apacite language file
LaTeX Info: Redefining \BPBI on input line 129.
LaTeX Info: Redefining \BHBI on input line 130.
)
("C:/Users/Oracle/AppData/Local/Programs/MiKTeX 2.9/tex/context/base/supp-pdf.m
kii"
[Loading MPS to PDF converter (version 2006.09.02).]
\scratchcounter=\count97
\scratchdimen=\dimen107
\scratchbox=\box27
\nofMPsegments=\count98
\nofMParguments=\count99
\everyMPshowfont=\toks17
\MPscratchCnt=\count100
\MPscratchDim=\dimen108
\MPnumerator=\count101
\makeMPintoPDFobject=\count102
\everyMPtoPDFconversion=\toks18
)
("C:/Users/Oracle/AppData/Local/Programs/MiKTeX 2.9/tex/latex/oberdiek/epstopdf
-base.sty"
Package: epstopdf-base 2016/05/15 v2.6 Base part for package epstopdf

("C:/Users/Oracle/AppData/Local/Programs/MiKTeX 2.9/tex/generic/oberdiek/infwar
err.sty"
Package: infwarerr 2016/05/16 v1.4 Providing info/warning/error messages (HO)
)
("C:/Users/Oracle/AppData/Local/Programs/MiKTeX 2.9/tex/latex/oberdiek/grfext.s
ty"
Package: grfext 2016/05/16 v1.2 Manage graphics extensions (HO)

("C:/Users/Oracle/AppData/Local/Programs/MiKTeX 2.9/tex/generic/oberdiek/kvdefi
nekeys.sty"
Package: kvdefinekeys 2016/05/16 v1.4 Define keys (HO)

("C:/Users/Oracle/AppData/Local/Programs/MiKTeX 2.9/tex/generic/oberdiek/ltxcmd
s.sty"
Package: ltxcmds 2016/05/16 v1.23 LaTeX kernel commands for general use (HO)
)))
("C:/Users/Oracle/AppData/Local/Programs/MiKTeX 2.9/tex/latex/oberdiek/kvoption
s.sty"
Package: kvoptions 2016/05/16 v3.12 Key value format for package options (HO)

("C:/Users/Oracle/AppData/Local/Programs/MiKTeX 2.9/tex/generic/oberdiek/kvsetk
eys.sty"
Package: kvsetkeys 2016/05/16 v1.17 Key value parser (HO)

("C:/Users/Oracle/AppData/Local/Programs/MiKTeX 2.9/tex/generic/oberdiek/etexcm
ds.sty"
Package: etexcmds 2016/05/16 v1.6 Avoid name clashes with e-TeX commands (HO)

("C:/Users/Oracle/AppData/Local/Programs/MiKTeX 2.9/tex/generic/oberdiek/ifluat
ex.sty"
Package: ifluatex 2016/05/16 v1.4 Provides the ifluatex switch (HO)
Package ifluatex Info: LuaTeX detected.
))))
("C:/Users/Oracle/AppData/Local/Programs/MiKTeX 2.9/tex/generic/oberdiek/pdftex
cmds.sty"
Package: pdftexcmds 2018/01/21 v0.26 Utility functions of pdfTeX for LuaTeX (HO)


("C:/Users/Oracle/AppData/Local/Programs/MiKTeX 2.9/tex/generic/oberdiek/ifpdf.
sty"
Package: ifpdf 2017/03/15 v3.2 Provides the ifpdf switch
)
Package pdftexcmds Info: \pdf@primitive is available.
Package pdftexcmds Info: \pdf@ifprimitive is available.
Package pdftexcmds Info: \pdfdraftmode found.
\pdftexcmds@toks=\toks19
)
Package epstopdf-base Info: Redefining graphics rule for `.eps' on input line 43
8.
Package grfext Info: Graphics extension search list:
(grfext)             [.pdf,.png,.jpg,.mps,.jpeg,.jbig2,.jb2,.PDF,.PNG,.JPG,.JPEG
,.JBIG2,.JB2,.eps]
(grfext)             \AppendGraphicsExtensions on input line 456.
)
LaTeX Font Info:    External font `cmex10' loaded for size
(Font)              <14.4> on input line 26.
LaTeX Font Info:    External font `cmex10' loaded for size
(Font)              <7> on input line 26.
(load luc: C:/Users/Oracle/AppData/Local/MiKTeX/2.9/luatex-cache/generic/fonts/o
tl/lmroman12-bold.luc)
Underfull \hbox (badness 10000) in paragraph at lines 26--26

 []


Underfull \hbox (badness 10000) in paragraph at lines 27--39

 []


Underfull \hbox (badness 10000) in paragraph at lines 27--39

 []


Underfull \hbox (badness 10000) in paragraph at lines 27--39

 []

<Figures/AUTOVIS_logo.png, id=1, 50.589pt x 38.3031pt>
File: Figures/AUTOVIS_logo.png Graphic file (type png)
<use Figures/AUTOVIS_logo.png>
Package luatex.def Info: Figures/AUTOVIS_logo.png  used on input line 41.
(luatex.def)             Requested size: 101.17773pt x 76.60599pt.
<Figures/shefield4.png, id=2, 383.18156pt x 214.55156pt>
File: Figures/shefield4.png Graphic file (type png)
<use Figures/shefield4.png>
Package luatex.def Info: Figures/shefield4.png  used on input line 42.
(luatex.def)             Requested size: 95.79515pt x 53.63776pt.
[1

{C:/Users/Oracle/AppData/Local/MiKTeX/2.9/pdftex/config/pdftex.map}<./Figures/AU
TOVIS_logo.png><./Figures/shefield4.png>](load luc: C:/Users/Oracle/AppData/Loca
l/MiKTeX/2.9/luatex-cache/generic/fonts/otl/lmroman17-regular.luc)
(./HIGSProposal-Latex-TEMP.toc
LaTeX Font Info:    External font `cmex10' loaded for size
(Font)              <12> on input line 6.
LaTeX Font Info:    External font `cmex10' loaded for size
(Font)              <8> on input line 6.
LaTeX Font Info:    External font `cmex10' loaded for size
(Font)              <6> on input line 6.
)
\tf@toc=\write3

\openout3 = HIGSProposal-Latex-TEMP.toc
 (./HIGSProposal-Latex-TEMP.lof)
\tf@lof=\write4

\openout4 = HIGSProposal-Latex-TEMP.lof


Package Fancyhdr Warning: \headheight is too small (12.0pt): 
 Make it at least 14.49998pt.
 We now make it that large for the rest of the document.
 This may cause the page layout to be inconsistent, however.

[2]
<Figures/1.png, id=14, 718.93594pt x 168.63pt>
File: Figures/1.png Graphic file (type png)
<use Figures/1.png>
Package luatex.def Info: Figures/1.png  used on input line 101.
(luatex.def)             Requested size: 467.30283pt x 109.60818pt.
 [3<./Figures/1.png>] [4]
<Figures/flow.png, id=21, 638.385pt x 423.08063pt>
File: Figures/flow.png Graphic file (type png)
<use Figures/flow.png>
Package luatex.def Info: Figures/flow.png  used on input line 138.
(luatex.def)             Requested size: 414.94533pt x 274.99915pt.
 [5<./Figures/flow.png>] [6](load luc: C:/Users/Oracle/AppData/Local/MiKTeX/2.9/
luatex-cache/generic/fonts/otl/lmmono12-regular.luc)
Overfull \hbox (19.61562pt too wide) in paragraph at lines 169--170
\TU/lmr/m/n/12 au-to-mat-i-cally, vega files \TU/lmtt/m/n/12 https://github.com
/victordibia/data2vis/tree/master/bin/tools\TU/lmr/m/n/12 .
 []

<Figures/lifecycle.png, id=29, 446.41782pt x 577.40718pt>
File: Figures/lifecycle.png Graphic file (type png)
<use Figures/lifecycle.png>
Package luatex.def Info: Figures/lifecycle.png  used on input line 192.
(luatex.def)             Requested size: 290.16814pt x 375.31023pt.
[7] [8<./Figures/lifecycle.png>]
<Figures/timeline_1.png, id=37, 572.1375pt x 167.12437pt>
File: Figures/timeline_1.png Graphic file (type png)
<use Figures/timeline_1.png>
Package luatex.def Info: Figures/timeline_1.png  used on input line 221.
(luatex.def)             Requested size: 371.88496pt x 108.62953pt.
<Figures/timeline_2.png, id=38, 595.47469pt x 169.38281pt>
File: Figures/timeline_2.png Graphic file (type png)
<use Figures/timeline_2.png>
Package luatex.def Info: Figures/timeline_2.png  used on input line 227.
(luatex.def)             Requested size: 387.05396pt x 110.0975pt.


LaTeX Warning: `!h' float specifier changed to `!ht'.

[9
Missing character: There is no ‎ (U+200E) in font [lmroman12-regular]:+tlig;!
<./Figures/timeline_1.png>] [10<./Figures/timeline_2.png>]
(./HIGSProposal-Latex-TEMP.bbl(load luc: C:/Users/Oracle/AppData/Local/MiKTeX/2.
9/luatex-cache/generic/fonts/otl/lmroman12-italic.luc) [11]
Underfull \hbox (badness 10000) in paragraph at lines 88--99
[]\TU/lmr/m/n/12 Daw-son, C.  (2016).  \TU/lmr/m/it/12 Ap-plied neu-ral net-wor
ds\TU/lmr/m/n/12 .  Re-trieved from
 []


Underfull \hbox (badness 7030) in paragraph at lines 141--156
[]\TU/lmr/m/n/12 Fre-nay, B., & Du-mas, B.  (2016).  \TU/lmr/m/it/12 In-for-ma-
tion vi-su-al-i-sa-tion and ma-chine
 []


Underfull \hbox (badness 10000) in paragraph at lines 141--156
\TU/lmr/m/it/12 learn-ing: Char-ac-ter-is-tics, con-ver-gence and per-spec-tive
\TU/lmr/m/n/12 .  Re-trieved from
 []


Underfull \hbox (badness 3168) in paragraph at lines 170--185
[]\TU/lmr/m/n/12 Hochre-iter, S., & Schmid-hu-ber, J.  (1997).  \TU/lmr/m/it/12
 Long short-term mem-ory \TU/lmr/m/n/12 (Vol.[] 9)
 []


Underfull \hbox (badness 6461) in paragraph at lines 329--344
[]\TU/lmr/m/n/12 Poco, J., & Heer, J.  (2017).  \TU/lmr/m/it/12 Reverse-enginee
ring vi-su-al-iza-tions: Re-cov-er-
 []


Underfull \hbox (badness 10000) in paragraph at lines 329--344
\TU/lmr/m/it/12 ing vi-sual en-cod-ings from chart im-ages \TU/lmr/m/n/12 (Vol.
[] 36(3)).  Re-trieved from
 []


Underfull \hbox (badness 10000) in paragraph at lines 329--344
\TU/lmtt/m/n/12 https://idl.cs.washington.edu/files/2017-ReverseEngineeringVis-

 []


Underfull \hbox (badness 10000) in paragraph at lines 387--400
[]\TU/lmr/m/n/12 R-DataSet.  (2018).  \TU/lmr/m/it/12 R-dataset repos-i-tory in
-for-ma-tion\TU/lmr/m/n/12 .  Re-trieved from
 []


Underfull \hbox (badness 3954) in paragraph at lines 415--430
[]\TU/lmr/m/n/12 Roth, S. F., Kolo-je-jchick, J., Mat-tis, J., & Gold-stein, J.
  (1994).  \TU/lmr/m/it/12 In-ter-ac-
 []


Underfull \hbox (badness 3240) in paragraph at lines 415--430
\TU/lmr/m/it/12 tive graphic de-sign us-ing au-to-matic pre-sen-ta-tion knowl-e
dge\TU/lmr/m/n/12 .  Re-trieved from
 []

[12]
Underfull \hbox (badness 2573) in paragraph at lines 472--485
[]\TU/lmr/m/n/12 Skau, D.  (2012).  \TU/lmr/m/it/12 A code of ethics for data v
i-su-al-iza-tion pro-fes-sion-als\TU/lmr/m/n/12 .  Re-
 []


Underfull \hbox (badness 7522) in paragraph at lines 524--536
[]\TU/lmr/m/n/12 Treis-man, A.  (1985).  \TU/lmr/m/it/12 Preat-ten-tive pro-ces
s-ing in vi-sion\TU/lmr/m/n/12 .  Re-trieved from
 []


Underfull \hbox (badness 7047) in paragraph at lines 548--559
[]\TU/lmr/m/n/12 Wick-ham, H.  (2007).  \TU/lmr/m/it/12 A lay-ered gram-mar of 
graph-ics\TU/lmr/m/n/12 .  Re-trieved from
 []

) [13] (./HIGSProposal-Latex-TEMP.aux))

Here is how much of LuaTeX's memory you used:
 3343 strings out of 494447
 125171,128383 words of node,token memory allocated
 390 words of node memory still in use:
   2 hlist, 1 vlist, 1 rule, 2 glue, 3 attribute, 52 glue_spec, 3 attribute_list
, 1 write nodes
   avail lists: 1:1,2:542,3:90,4:49,5:237,6:27,7:4186,8:42,9:130,10:24,11:358
 7272 multiletter control sequences out of 65536+200000
 41 fonts using 2821039 bytes
 41i,11n,43p,845b,370s stack positions out of 5000i,500n,10000p,200000b,50000s
<c:/users/oracle/appdata/local/programs/miktex 2.9/fonts/opentype/public/lm/lmro
man12-italic.otf><c:/users/oracle/appdata/local/programs/miktex 2.9/fonts/openty
pe/public/lm/lmmono12-regular.otf><c:/users/oracle/appdata/local/programs/miktex
 2.9/fonts/opentype/public/lm/lmroman12-regular.otf><c:/users/oracle/appdata/loc
al/programs/miktex 2.9/fonts/opentype/public/lm/lmroman12-bold.otf>
Output written on HIGSProposal-Latex-TEMP.pdf (13 pages, 358842 bytes).

PDF statistics: 84 PDF objects out of 1000 (max. 8388607)
 0 named destinations out of 1000 (max. 131072)
 1 words of extra memory for PDF output out of 10000 (max. 100000000)

